Determining if the pthread_create exist failed with the following output:
Change Dir: /home/willy/Documents/Github/WW1AirPlane-OpenGL/src/CMakeFiles/CMakeTmp

Run Build Command:"/usr/bin/make" "cmTC_60818/fast"
/usr/bin/make -f CMakeFiles/cmTC_60818.dir/build.make CMakeFiles/cmTC_60818.dir/build
make[1]: Entering directory '/home/willy/Documents/Github/WW1AirPlane-OpenGL/src/CMakeFiles/CMakeTmp'
Building C object CMakeFiles/cmTC_60818.dir/CheckSymbolExists.c.o
/usr/bin/cc    -o CMakeFiles/cmTC_60818.dir/CheckSymbolExists.c.o   -c /home/willy/Documents/Github/WW1AirPlane-OpenGL/src/CMakeFiles/CMakeTmp/CheckSymbolExists.c
Linking C executable cmTC_60818
/home/willy/.local/lib/python3.6/site-packages/cmake/data/bin/cmake -E cmake_link_script CMakeFiles/cmTC_60818.dir/link.txt --verbose=1
/usr/bin/cc      -rdynamic CMakeFiles/cmTC_60818.dir/CheckSymbolExists.c.o  -o cmTC_60818 
CMakeFiles/cmTC_60818.dir/CheckSymbolExists.c.o: In function `main':
CheckSymbolExists.c:(.text+0x1b): undefined reference to `pthread_create'
collect2: error: ld returned 1 exit status
CMakeFiles/cmTC_60818.dir/build.make:86: recipe for target 'cmTC_60818' failed
make[1]: *** [cmTC_60818] Error 1
make[1]: Leaving directory '/home/willy/Documents/Github/WW1AirPlane-OpenGL/src/CMakeFiles/CMakeTmp'
Makefile:121: recipe for target 'cmTC_60818/fast' failed
make: *** [cmTC_60818/fast] Error 2

File /home/willy/Documents/Github/WW1AirPlane-OpenGL/src/CMakeFiles/CMakeTmp/CheckSymbolExists.c:
/* */
#include <pthread.h>

int main(int argc, char** argv)
{
  (void)argv;
#ifndef pthread_create
  return ((int*)(&pthread_create))[argc];
#else
  (void)argc;
  return 0;
#endif
}

Determining if the function pthread_create exists in the pthreads failed with the following output:
Change Dir: /home/willy/Documents/Github/WW1AirPlane-OpenGL/src/CMakeFiles/CMakeTmp

Run Build Command:"/usr/bin/make" "cmTC_b4b66/fast"
/usr/bin/make -f CMakeFiles/cmTC_b4b66.dir/build.make CMakeFiles/cmTC_b4b66.dir/build
make[1]: Entering directory '/home/willy/Documents/Github/WW1AirPlane-OpenGL/src/CMakeFiles/CMakeTmp'
Building C object CMakeFiles/cmTC_b4b66.dir/CheckFunctionExists.c.o
/usr/bin/cc   -DCHECK_FUNCTION_EXISTS=pthread_create   -o CMakeFiles/cmTC_b4b66.dir/CheckFunctionExists.c.o   -c /home/willy/.local/lib/python3.6/site-packages/cmake/data/share/cmake-3.13/Modules/CheckFunctionExists.c
Linking C executable cmTC_b4b66
/home/willy/.local/lib/python3.6/site-packages/cmake/data/bin/cmake -E cmake_link_script CMakeFiles/cmTC_b4b66.dir/link.txt --verbose=1
/usr/bin/cc  -DCHECK_FUNCTION_EXISTS=pthread_create    -rdynamic CMakeFiles/cmTC_b4b66.dir/CheckFunctionExists.c.o  -o cmTC_b4b66 -lpthreads 
/usr/bin/ld: cannot find -lpthreads
collect2: error: ld returned 1 exit status
CMakeFiles/cmTC_b4b66.dir/build.make:86: recipe for target 'cmTC_b4b66' failed
make[1]: *** [cmTC_b4b66] Error 1
make[1]: Leaving directory '/home/willy/Documents/Github/WW1AirPlane-OpenGL/src/CMakeFiles/CMakeTmp'
Makefile:121: recipe for target 'cmTC_b4b66/fast' failed
make: *** [cmTC_b4b66/fast] Error 2


